\BOOKMARK [1][-]{section.1}{Introduction}{}% 1
\BOOKMARK [2][-]{subsection.1.1}{Ideation and Concept}{section.1}% 2
\BOOKMARK [2][-]{subsection.1.2}{Project Management}{section.1}% 3
\BOOKMARK [3][-]{subsubsection.1.2.1}{Vision and Scope}{subsection.1.2}% 4
\BOOKMARK [3][-]{subsubsection.1.2.2}{Agile Methodology}{subsection.1.2}% 5
\BOOKMARK [2][-]{subsection.1.3}{Research and Market Analysis}{section.1}% 6
\BOOKMARK [3][-]{subsubsection.1.3.1}{Existing Applications}{subsection.1.3}% 7
\BOOKMARK [3][-]{subsubsection.1.3.2}{Novelty of the Proposed Application}{subsection.1.3}% 8
\BOOKMARK [2][-]{subsection.1.4}{Deciding on a Platform}{section.1}% 9
\BOOKMARK [3][-]{subsubsection.1.4.1}{Mobile vs Desktop}{subsection.1.4}% 10
\BOOKMARK [3][-]{subsubsection.1.4.2}{Mobile Platform: Android vs iOS}{subsection.1.4}% 11
\BOOKMARK [2][-]{subsection.1.5}{Frontend: Programming Language}{section.1}% 12
\BOOKMARK [2][-]{subsection.1.6}{Backend: SQL vs noSQL database}{section.1}% 13
\BOOKMARK [2][-]{subsection.1.7}{The Target User}{section.1}% 14
\BOOKMARK [3][-]{subsubsection.1.7.1}{User Personas}{subsection.1.7}% 15
\BOOKMARK [1][-]{section.2}{Software Requirements}{}% 16
\BOOKMARK [2][-]{subsection.2.1}{Application Scope}{section.2}% 17
\BOOKMARK [2][-]{subsection.2.2}{User Needs}{section.2}% 18
\BOOKMARK [2][-]{subsection.2.3}{Requirements}{section.2}% 19
\BOOKMARK [3][-]{subsubsection.2.3.1}{Functional Requirements}{subsection.2.3}% 20
\BOOKMARK [3][-]{subsubsection.2.3.2}{Non-Functional Requirements}{subsection.2.3}% 21
\BOOKMARK [2][-]{subsection.2.4}{Use Cases}{section.2}% 22
\BOOKMARK [1][-]{section.3}{System Design}{}% 23
\BOOKMARK [2][-]{subsection.3.1}{Domain Model}{section.3}% 24
\BOOKMARK [3][-]{subsubsection.3.1.1}{Entities}{subsection.3.1}% 25
\BOOKMARK [2][-]{subsection.3.2}{System Architecture}{section.3}% 26
\BOOKMARK [2][-]{subsection.3.3}{Client-side Specification}{section.3}% 27
\BOOKMARK [3][-]{subsubsection.3.3.1}{State Management}{subsection.3.3}% 28
\BOOKMARK [3][-]{subsubsection.3.3.2}{Provider}{subsection.3.3}% 29
\BOOKMARK [3][-]{subsubsection.3.3.3}{Deciding on a Framework}{subsection.3.3}% 30
\BOOKMARK [1][-]{section.4}{Prototyping}{}% 31
\BOOKMARK [2][-]{subsection.4.1}{Initial Sketches and Brainstorming}{section.4}% 32
\BOOKMARK [2][-]{subsection.4.2}{Wire-framing}{section.4}% 33
\BOOKMARK [1][-]{section.5}{Implementation}{}% 34
\BOOKMARK [2][-]{subsection.5.1}{Setup}{section.5}% 35
\BOOKMARK [3][-]{subsubsection.5.1.1}{File Structure}{subsection.5.1}% 36
\BOOKMARK [2][-]{subsection.5.2}{Sprint 1 - UI}{section.5}% 37
\BOOKMARK [3][-]{subsubsection.5.2.1}{Cupertino vs Material}{subsection.5.2}% 38
\BOOKMARK [2][-]{subsection.5.3}{Sprint 2 - Sign Up and Login}{section.5}% 39
\BOOKMARK [3][-]{subsubsection.5.3.1}{Authentication}{subsection.5.3}% 40
\BOOKMARK [3][-]{subsubsection.5.3.2}{Sign Up}{subsection.5.3}% 41
\BOOKMARK [3][-]{subsubsection.5.3.3}{Login}{subsection.5.3}% 42
\BOOKMARK [3][-]{subsubsection.5.3.4}{State Management}{subsection.5.3}% 43
\BOOKMARK [2][-]{subsection.5.4}{Sprint 3 - Backend Setup and Modelling}{section.5}% 44
\BOOKMARK [3][-]{subsubsection.5.4.1}{Setup}{subsection.5.4}% 45
\BOOKMARK [3][-]{subsubsection.5.4.2}{Database Design}{subsection.5.4}% 46
\BOOKMARK [3][-]{subsubsection.5.4.3}{Creating the Models}{subsection.5.4}% 47
\BOOKMARK [3][-]{subsubsection.5.4.4}{Avoiding Nested Data}{subsection.5.4}% 48
\BOOKMARK [2][-]{subsection.5.5}{Sprint 4 - Connecting the Frontend and Backend}{section.5}% 49
\BOOKMARK [3][-]{subsubsection.5.5.1}{Loading the Parent Barbers}{subsection.5.5}% 50
\BOOKMARK [3][-]{subsubsection.5.5.2}{Loading the barbers}{subsection.5.5}% 51
\BOOKMARK [3][-]{subsubsection.5.5.3}{Loading the users orders}{subsection.5.5}% 52
\BOOKMARK [3][-]{subsubsection.5.5.4}{Shopping Cart}{subsection.5.5}% 53
\BOOKMARK [3][-]{subsubsection.5.5.5}{Checkout}{subsection.5.5}% 54
\BOOKMARK [2][-]{subsection.5.6}{Sprint 5 - Location}{section.5}% 55
\BOOKMARK [3][-]{subsubsection.5.6.1}{Autocomplete locations}{subsection.5.6}% 56
\BOOKMARK [2][-]{subsection.5.7}{Sprint 6 - Barber Side Application}{section.5}% 57
\BOOKMARK [3][-]{subsubsection.5.7.1}{Creating a Parent Barber}{subsection.5.7}% 58
\BOOKMARK [3][-]{subsubsection.5.7.2}{Loading the barbers orders}{subsection.5.7}% 59
\BOOKMARK [2][-]{subsection.5.8}{Widgets, Common Items and Added Features}{section.5}% 60
\BOOKMARK [3][-]{subsubsection.5.8.1}{Widgets}{subsection.5.8}% 61
\BOOKMARK [3][-]{subsubsection.5.8.2}{Common Items}{subsection.5.8}% 62
\BOOKMARK [3][-]{subsubsection.5.8.3}{Launcher Icons}{subsection.5.8}% 63
\BOOKMARK [3][-]{subsubsection.5.8.4}{Discount Codes}{subsection.5.8}% 64
\BOOKMARK [3][-]{subsubsection.5.8.5}{Hide and Show Password}{subsection.5.8}% 65
\BOOKMARK [1][-]{section.6}{Testing}{}% 66
\BOOKMARK [2][-]{subsection.6.1}{User Testing}{section.6}% 67
\BOOKMARK [2][-]{subsection.6.2}{Acceptance Testing}{section.6}% 68
\BOOKMARK [2][-]{subsection.6.3}{Use Cases}{section.6}% 69
\BOOKMARK [1][-]{section.7}{Conclusion and Further Work}{}% 70
\BOOKMARK [2][-]{subsection.7.1}{Conclusion}{section.7}% 71
\BOOKMARK [1][-]{appendix.A}{Use Cases}{}% 72
\BOOKMARK [2][-]{subsection.A.1}{Use case 1 - Sign Up}{appendix.A}% 73
\BOOKMARK [2][-]{subsection.A.2}{Use case 2 - Login}{appendix.A}% 74
\BOOKMARK [2][-]{subsection.A.3}{Use case 3 - Book a Haircut}{appendix.A}% 75
\BOOKMARK [2][-]{subsection.A.4}{Use case 4 - Search for a Barber}{appendix.A}% 76
\BOOKMARK [2][-]{subsection.A.5}{Use case 5 - Checkout}{appendix.A}% 77
\BOOKMARK [2][-]{subsection.A.6}{Use case 6 - View Orders}{appendix.A}% 78
\BOOKMARK [2][-]{subsection.A.7}{Use case 7 - Sign Out}{appendix.A}% 79
\BOOKMARK [2][-]{subsection.A.8}{Use case 8 - Add a Barber \(barbers only\)}{appendix.A}% 80
\BOOKMARK [2][-]{subsection.A.9}{Use case 9 - Add a Product \(barbers only\)}{appendix.A}% 81
\BOOKMARK [1][-]{appendix.B}{Figures}{}% 82
\BOOKMARK [1][-]{appendix.C}{Application Images}{}% 83
\BOOKMARK [1][-]{appendix.D}{Code Snippets}{}% 84
\BOOKMARK [2][-]{subsection.D.1}{Partial Code for Authenticate.dart Showing the Email and Password Sign In}{appendix.D}% 85
\BOOKMARK [2][-]{subsection.D.2}{Partial Code for forgot\137password.dart}{appendix.D}% 86
\BOOKMARK [2][-]{subsection.D.3}{Code for navigate.dart}{appendix.D}% 87
\BOOKMARK [2][-]{subsection.D.4}{Code for filter-list.dart}{appendix.D}% 88
\BOOKMARK [2][-]{subsection.D.5}{Code for navigation\137bar.dart}{appendix.D}% 89
\BOOKMARK [2][-]{subsection.D.6}{Partial Code for main.dart}{appendix.D}% 90
\BOOKMARK [2][-]{subsection.D.7}{Partial Code for user\137model.dart}{appendix.D}% 91
