This is pdfTeX, Version 3.14159265-2.6-1.40.20 (TeX Live 2019/Debian) (preloaded format=pdflatex 2021.3.17)  15 AUG 2021 07:20
entering extended mode
 \write18 enabled.
 %&-line parsing enabled.
**main.tex
(./main.tex
LaTeX2e <2020-02-02> patch level 2
L3 programming layer <2020-02-14>
(/usr/share/texlive/texmf-dist/tex/latex/base/article.cls
Document Class: article 2019/12/20 v1.4l Standard LaTeX document class
(/usr/share/texlive/texmf-dist/tex/latex/base/size12.clo
File: size12.clo 2019/12/20 v1.4l Standard LaTeX file (size option)
)
\c@part=\count167
\c@section=\count168
\c@subsection=\count169
\c@subsubsection=\count170
\c@paragraph=\count171
\c@subparagraph=\count172
\c@figure=\count173
\c@table=\count174
\abovecaptionskip=\skip47
\belowcaptionskip=\skip48
\bibindent=\dimen134
)
(/usr/share/texlive/texmf-dist/tex/latex/appendix/appendix.sty
Package: appendix 2020/02/08 v1.2c extra appendix facilities
\c@@pps=\count175
\c@@ppsavesec=\count176
\c@@ppsaveapp=\count177
)
(/usr/share/texlive/texmf-dist/tex/generic/babel/babel.sty
Package: babel 2020/02/14 3.40 The Babel package

(/usr/share/texlive/texmf-dist/tex/generic/babel/switch.def
File: switch.def 2020/02/14 3.40 Babel switching mechanism
)
(/usr/share/texlive/texmf-dist/tex/generic/babel-english/english.ldf
Language: english 2017/06/06 v3.3r English support from the babel system

(/usr/share/texlive/texmf-dist/tex/generic/babel/babel.def
File: babel.def 2020/02/14 3.40 Babel common definitions
\babel@savecnt=\count178
\U@D=\dimen135

(/usr/share/texlive/texmf-dist/tex/generic/babel/txtbabel.def)
\bbl@readstream=\read2
\bbl@dirlevel=\count179
)
Package babel Info: \l@british = using hyphenrules for english
(babel)             (\language0) on input line 82.
Package babel Info: \l@UKenglish = using hyphenrules for english
(babel)             (\language0) on input line 83.
Package babel Info: \l@canadian = using hyphenrules for english
(babel)             (\language0) on input line 102.
Package babel Info: \l@australian = using hyphenrules for english
(babel)             (\language0) on input line 105.
Package babel Info: \l@newzealand = using hyphenrules for english
(babel)             (\language0) on input line 108.
))
(/usr/share/texlive/texmf-dist/tex/latex/minted/minted.sty
Package: minted 2017/07/19 v2.5 Yet another Pygments shim for LaTeX

(/usr/share/texlive/texmf-dist/tex/latex/graphics/keyval.sty
Package: keyval 2014/10/28 v1.15 key=value parser (DPC)
\KV@toks@=\toks14
)
(/usr/share/texlive/texmf-dist/tex/latex/kvoptions/kvoptions.sty
Package: kvoptions 2019/11/29 v3.13 Key value format for package options (HO)

(/usr/share/texlive/texmf-dist/tex/generic/ltxcmds/ltxcmds.sty
Package: ltxcmds 2019/12/15 v1.24 LaTeX kernel commands for general use (HO)
)
(/usr/share/texlive/texmf-dist/tex/generic/kvsetkeys/kvsetkeys.sty
Package: kvsetkeys 2019/12/15 v1.18 Key value parser (HO)
))
(/usr/share/texlive/texmf-dist/tex/latex/fvextra/fvextra.sty
Package: fvextra 2019/02/04 v1.4 fvextra - extensions and patches for fancyvrb

(/usr/share/texlive/texmf-dist/tex/latex/base/ifthen.sty
Package: ifthen 2014/09/29 v1.1c Standard LaTeX ifthen package (DPC)
)
(/usr/share/texlive/texmf-dist/tex/latex/etoolbox/etoolbox.sty
Package: etoolbox 2019/09/21 v2.5h e-TeX tools for LaTeX (JAW)
\etb@tempcnta=\count180
)
(/usr/share/texlive/texmf-dist/tex/latex/fancyvrb/fancyvrb.sty
Package: fancyvrb 2020/01/13 v3.5 verbatim text (tvz,hv)
\FV@CodeLineNo=\count181
\FV@InFile=\read3
\FV@TabBox=\box45
\c@FancyVerbLine=\count182
\FV@StepNumber=\count183
\FV@OutFile=\write3
)
(/usr/share/texlive/texmf-dist/tex/latex/upquote/upquote.sty
Package: upquote 2012/04/19 v1.3 upright-quote and grave-accent glyphs in verba
tim
)
(/usr/share/texlive/texmf-dist/tex/latex/lineno/lineno.sty
Package: lineno 2005/11/02 line numbers on paragraphs v4.41
\linenopenalty=\count184
\output=\toks15
\linenoprevgraf=\count185
\linenumbersep=\dimen136
\linenumberwidth=\dimen137
\c@linenumber=\count186
\c@pagewiselinenumber=\count187
\c@LN@truepage=\count188
\c@internallinenumber=\count189
\c@internallinenumbers=\count190
\quotelinenumbersep=\dimen138
\bframerule=\dimen139
\bframesep=\dimen140
\bframebox=\box46
LaTeX Info: Redefining \\ on input line 3056.
)
\c@FV@TrueTabGroupLevel=\count191
\c@FV@TrueTabCounter=\count192
\FV@TabBox@Group=\box47
\FV@TmpLength=\skip49
\c@FV@HighlightLinesStart=\count193
\c@FV@HighlightLinesStop=\count194
\FV@LoopCount=\count195
\FV@NCharsBox=\box48
\FV@BreakIndent=\dimen141
\FV@BreakIndentNChars=\count196
\FV@BreakSymbolSepLeft=\dimen142
\FV@BreakSymbolSepLeftNChars=\count197
\FV@BreakSymbolSepRight=\dimen143
\FV@BreakSymbolSepRightNChars=\count198
\FV@BreakSymbolIndentLeft=\dimen144
\FV@BreakSymbolIndentLeftNChars=\count199
\FV@BreakSymbolIndentRight=\dimen145
\FV@BreakSymbolIndentRightNChars=\count266
\c@FancyVerbLineBreakLast=\count267
\FV@LineBox=\box49
\FV@LineIndentBox=\box50
\FV@LineWidth=\dimen146
)
(/usr/share/texlive/texmf-dist/tex/latex/tools/calc.sty
Package: calc 2017/05/25 v4.3 Infix arithmetic (KKT,FJ)
\calc@Acount=\count268
\calc@Bcount=\count269
\calc@Adimen=\dimen147
\calc@Bdimen=\dimen148
\calc@Askip=\skip50
\calc@Bskip=\skip51
LaTeX Info: Redefining \setlength on input line 80.
LaTeX Info: Redefining \addtolength on input line 81.
\calc@Ccount=\count270
\calc@Cskip=\skip52
)
(/usr/share/texlive/texmf-dist/tex/latex/tools/shellesc.sty
Package: shellesc 2019/11/08 v1.0c unified shell escape interface for LaTeX
Package shellesc Info: Unrestricted shell escape enabled on input line 75.
)
(/usr/share/texlive/texmf-dist/tex/latex/ifplatform/ifplatform.sty
Package: ifplatform 2017/10/13 v0.4a Testing for the operating system

(/usr/share/texlive/texmf-dist/tex/latex/pdftexcmds/pdftexcmds.sty
Package: pdftexcmds 2019/11/24 v0.31 Utility functions of pdfTeX for LuaTeX (HO
)

(/usr/share/texlive/texmf-dist/tex/generic/infwarerr/infwarerr.sty
Package: infwarerr 2019/12/03 v1.5 Providing info/warning/error messages (HO)
)
(/usr/share/texlive/texmf-dist/tex/generic/iftex/iftex.sty
Package: iftex 2019/11/07 v1.0c TeX engine tests
)
Package pdftexcmds Info: \pdf@primitive is available.
Package pdftexcmds Info: \pdf@ifprimitive is available.
Package pdftexcmds Info: \pdfdraftmode found.
)
(/usr/share/texlive/texmf-dist/tex/generic/catchfile/catchfile.sty
Package: catchfile 2019/12/09 v1.8 Catch the contents of a file (HO)

(/usr/share/texlive/texmf-dist/tex/generic/etexcmds/etexcmds.sty
Package: etexcmds 2019/12/15 v1.7 Avoid name clashes with e-TeX commands (HO)
))
(/usr/share/texlive/texmf-dist/tex/generic/iftex/ifluatex.sty
Package: ifluatex 2019/10/25 v1.5 ifluatex legacy package. Use iftex instead.
)
runsystem(uname -s > "main.w18")...executed.

 (./main.w18)
runsystem(rm -- "main.w18")...executed.

)
(/usr/share/texlive/texmf-dist/tex/generic/xstring/xstring.sty
(/usr/share/texlive/texmf-dist/tex/generic/xstring/xstring.tex
\integerpart=\count271
\decimalpart=\count272
)
Package: xstring 2019/02/06 v1.83 String manipulations (CT)
)
(/usr/share/texlive/texmf-dist/tex/latex/framed/framed.sty
Package: framed 2011/10/22 v 0.96: framed or shaded text with page breaks
\OuterFrameSep=\skip53
\fb@frw=\dimen149
\fb@frh=\dimen150
\FrameRule=\dimen151
\FrameSep=\dimen152
)
(/usr/share/texlive/texmf-dist/tex/latex/float/float.sty
Package: float 2001/11/08 v1.3d Float enhancements (AL)
\c@float@type=\count273
\float@exts=\toks16
\float@box=\box51
\@float@everytoks=\toks17
\@floatcapt=\box52
)
\minted@appexistsfile=\read4
\minted@bgbox=\box53
\minted@code=\write4
\c@minted@FancyVerbLineTemp=\count274
\c@minted@pygmentizecounter=\count275
\@float@every@listing=\toks18
\c@listing=\count276
)
runsystem(mkdir -p _minted-main)...executed.


(/usr/share/texlive/texmf-dist/tex/latex/amsmath/amsmath.sty
Package: amsmath 2020/01/20 v2.17e AMS math features
\@mathmargin=\skip54

For additional information on amsmath, use the `?' option.
(/usr/share/texlive/texmf-dist/tex/latex/amsmath/amstext.sty
Package: amstext 2000/06/29 v2.01 AMS text

(/usr/share/texlive/texmf-dist/tex/latex/amsmath/amsgen.sty
File: amsgen.sty 1999/11/30 v2.0 generic functions
\@emptytoks=\toks19
\ex@=\dimen153
))
(/usr/share/texlive/texmf-dist/tex/latex/amsmath/amsbsy.sty
Package: amsbsy 1999/11/29 v1.2d Bold Symbols
\pmbraise@=\dimen154
)
(/usr/share/texlive/texmf-dist/tex/latex/amsmath/amsopn.sty
Package: amsopn 2016/03/08 v2.02 operator names
)
\inf@bad=\count277
LaTeX Info: Redefining \frac on input line 227.
\uproot@=\count278
\leftroot@=\count279
LaTeX Info: Redefining \overline on input line 389.
\classnum@=\count280
\DOTSCASE@=\count281
LaTeX Info: Redefining \ldots on input line 486.
LaTeX Info: Redefining \dots on input line 489.
LaTeX Info: Redefining \cdots on input line 610.
\Mathstrutbox@=\box54
\strutbox@=\box55
\big@size=\dimen155
LaTeX Font Info:    Redeclaring font encoding OML on input line 733.
LaTeX Font Info:    Redeclaring font encoding OMS on input line 734.
\macc@depth=\count282
\c@MaxMatrixCols=\count283
\dotsspace@=\muskip16
\c@parentequation=\count284
\dspbrk@lvl=\count285
\tag@help=\toks20
\row@=\count286
\column@=\count287
\maxfields@=\count288
\andhelp@=\toks21
\eqnshift@=\dimen156
\alignsep@=\dimen157
\tagshift@=\dimen158
\tagwidth@=\dimen159
\totwidth@=\dimen160
\lineht@=\dimen161
\@envbody=\toks22
\multlinegap=\skip55
\multlinetaggap=\skip56
\mathdisplay@stack=\toks23
LaTeX Info: Redefining \[ on input line 2859.
LaTeX Info: Redefining \] on input line 2860.
)
(/usr/share/texlive/texmf-dist/tex/latex/graphics/graphicx.sty
Package: graphicx 2019/11/30 v1.2a Enhanced LaTeX Graphics (DPC,SPQR)

(/usr/share/texlive/texmf-dist/tex/latex/graphics/graphics.sty
Package: graphics 2019/11/30 v1.4a Standard LaTeX Graphics (DPC,SPQR)

(/usr/share/texlive/texmf-dist/tex/latex/graphics/trig.sty
Package: trig 2016/01/03 v1.10 sin cos tan (DPC)
)
(/usr/share/texlive/texmf-dist/tex/latex/graphics-cfg/graphics.cfg
File: graphics.cfg 2016/06/04 v1.11 sample graphics configuration
)
Package graphics Info: Driver file: pdftex.def on input line 105.

(/usr/share/texlive/texmf-dist/tex/latex/graphics-def/pdftex.def
File: pdftex.def 2018/01/08 v1.0l Graphics/color driver for pdftex
))
\Gin@req@height=\dimen162
\Gin@req@width=\dimen163
)
(/usr/share/texlive/texmf-dist/tex/latex/hyperref/hyperref.sty
Package: hyperref 2020/01/14 v7.00d Hypertext links for LaTeX

(/usr/share/texlive/texmf-dist/tex/generic/kvdefinekeys/kvdefinekeys.sty
Package: kvdefinekeys 2019-12-19 v1.6 Define keys (HO)
)
(/usr/share/texlive/texmf-dist/tex/generic/pdfescape/pdfescape.sty
Package: pdfescape 2019/12/09 v1.15 Implements pdfTeX's escape features (HO)
)
(/usr/share/texlive/texmf-dist/tex/latex/hycolor/hycolor.sty
Package: hycolor 2020-01-27 v1.10 Color options for hyperref/bookmark (HO)
)
(/usr/share/texlive/texmf-dist/tex/latex/letltxmacro/letltxmacro.sty
Package: letltxmacro 2019/12/03 v1.6 Let assignment for LaTeX macros (HO)
)
(/usr/share/texlive/texmf-dist/tex/latex/auxhook/auxhook.sty
Package: auxhook 2019-12-17 v1.6 Hooks for auxiliary files (HO)
)
\@linkdim=\dimen164
\Hy@linkcounter=\count289
\Hy@pagecounter=\count290

(/usr/share/texlive/texmf-dist/tex/latex/hyperref/pd1enc.def
File: pd1enc.def 2020/01/14 v7.00d Hyperref: PDFDocEncoding definition (HO)
Now handling font encoding PD1 ...
... no UTF-8 mapping file for font encoding PD1
)
(/usr/share/texlive/texmf-dist/tex/generic/intcalc/intcalc.sty
Package: intcalc 2019/12/15 v1.3 Expandable calculations with integers (HO)
)
\Hy@SavedSpaceFactor=\count291
\pdfmajorversion=\count292
Package hyperref Info: Option `colorlinks' set `true' on input line 4421.
Package hyperref Info: Hyper figures OFF on input line 4547.
Package hyperref Info: Link nesting OFF on input line 4552.
Package hyperref Info: Hyper index ON on input line 4555.
Package hyperref Info: Plain pages OFF on input line 4562.
Package hyperref Info: Backreferencing OFF on input line 4567.
Package hyperref Info: Implicit mode ON; LaTeX internals redefined.
Package hyperref Info: Bookmarks ON on input line 4800.
\c@Hy@tempcnt=\count293

(/usr/share/texlive/texmf-dist/tex/latex/url/url.sty
\Urlmuskip=\muskip17
Package: url 2013/09/16  ver 3.4  Verb mode for urls, etc.
)
LaTeX Info: Redefining \url on input line 5159.
\XeTeXLinkMargin=\dimen165

(/usr/share/texlive/texmf-dist/tex/generic/bitset/bitset.sty
Package: bitset 2019/12/09 v1.3 Handle bit-vector datatype (HO)

(/usr/share/texlive/texmf-dist/tex/generic/bigintcalc/bigintcalc.sty
Package: bigintcalc 2019/12/15 v1.5 Expandable calculations on big integers (HO
)
))
\Fld@menulength=\count294
\Field@Width=\dimen166
\Fld@charsize=\dimen167
Package hyperref Info: Hyper figures OFF on input line 6430.
Package hyperref Info: Link nesting OFF on input line 6435.
Package hyperref Info: Hyper index ON on input line 6438.
Package hyperref Info: backreferencing OFF on input line 6445.
Package hyperref Info: Link coloring ON on input line 6448.
Package hyperref Info: Link coloring with OCG OFF on input line 6455.
Package hyperref Info: PDF/A mode OFF on input line 6460.
LaTeX Info: Redefining \ref on input line 6500.
LaTeX Info: Redefining \pageref on input line 6504.

(/usr/share/texlive/texmf-dist/tex/generic/atbegshi/atbegshi.sty
Package: atbegshi 2019/12/05 v1.19 At begin shipout hook (HO)
)
\Hy@abspage=\count295
\c@Item=\count296
\c@Hfootnote=\count297
)
Package hyperref Info: Driver (autodetected): hpdftex.

(/usr/share/texlive/texmf-dist/tex/latex/hyperref/hpdftex.def
File: hpdftex.def 2020/01/14 v7.00d Hyperref driver for pdfTeX

(/usr/share/texlive/texmf-dist/tex/latex/atveryend/atveryend.sty
Package: atveryend 2019-12-11 v1.11 Hooks at the very end of document (HO)
)
\Fld@listcount=\count298
\c@bookmark@seq@number=\count299

(/usr/share/texlive/texmf-dist/tex/latex/rerunfilecheck/rerunfilecheck.sty
Package: rerunfilecheck 2019/12/05 v1.9 Rerun checks for auxiliary files (HO)

(/usr/share/texlive/texmf-dist/tex/generic/uniquecounter/uniquecounter.sty
Package: uniquecounter 2019/12/15 v1.4 Provide unlimited unique counter (HO)
)
Package uniquecounter Info: New unique counter `rerunfilecheck' on input line 2
86.
)
\Hy@SectionHShift=\skip57
)
(/usr/share/texlive/texmf-dist/tex/latex/blindtext/blindtext.sty
Package: blindtext 2012/01/06 V2.0 blindtext-Package

(/usr/share/texlive/texmf-dist/tex/latex/tools/xspace.sty
Package: xspace 2014/10/28 v1.13 Space after command names (DPC,MH)
)
\c@blindtext=\count300
\c@Blindtext=\count301
\c@blind@countparstart=\count302
\blind@countxx=\count303
\blindtext@numBlindtext=\count304
\blind@countyy=\count305
\c@blindlist=\count306
\c@blindlistlevel=\count307
\c@blindlist@level=\count308
\blind@listitem=\count309
\c@blind@listcount=\count310
\c@blind@levelcount=\count311
\blind@mathformula=\count312
\blind@Mathformula=\count313
\c@blind@randomcount=\count314
\c@blind@randommax=\count315
\c@blind@pangramcount=\count316
\c@blind@pangrammax=\count317
)
(/usr/share/texlive/texmf-dist/tex/latex/xcolor/xcolor.sty
Package: xcolor 2016/05/11 v2.12 LaTeX color extensions (UK)

(/usr/share/texlive/texmf-dist/tex/latex/graphics-cfg/color.cfg
File: color.cfg 2016/01/02 v1.6 sample color configuration
)
Package xcolor Info: Driver file: pdftex.def on input line 225.

(/usr/share/texlive/texmf-dist/tex/latex/colortbl/colortbl.sty
Package: colortbl 2020/01/04 v1.0e Color table columns (DPC)

(/usr/share/texlive/texmf-dist/tex/latex/tools/array.sty
Package: array 2019/08/31 v2.4l Tabular extension package (FMi)
\col@sep=\dimen168
\ar@mcellbox=\box56
\extrarowheight=\dimen169
\NC@list=\toks24
\extratabsurround=\skip58
\backup@length=\skip59
\ar@cellbox=\box57
)
\everycr=\toks25
\minrowclearance=\skip60
)
\rownum=\count318
Package xcolor Info: Model `cmy' substituted by `cmy0' on input line 1348.
Package xcolor Info: Model `hsb' substituted by `rgb' on input line 1352.
Package xcolor Info: Model `RGB' extended on input line 1364.
Package xcolor Info: Model `HTML' substituted by `rgb' on input line 1366.
Package xcolor Info: Model `Hsb' substituted by `hsb' on input line 1367.
Package xcolor Info: Model `tHsb' substituted by `hsb' on input line 1368.
Package xcolor Info: Model `HSB' substituted by `hsb' on input line 1369.
Package xcolor Info: Model `Gray' substituted by `gray' on input line 1370.
Package xcolor Info: Model `wave' substituted by `hsb' on input line 1371.
)
(/usr/share/texlive/texmf-dist/tex/latex/listings/listings.sty
\lst@mode=\count319
\lst@gtempboxa=\box58
\lst@token=\toks26
\lst@length=\count320
\lst@currlwidth=\dimen170
\lst@column=\count321
\lst@pos=\count322
\lst@lostspace=\dimen171
\lst@width=\dimen172
\lst@newlines=\count323
\lst@lineno=\count324
\lst@maxwidth=\dimen173

(/usr/share/texlive/texmf-dist/tex/latex/listings/lstmisc.sty
File: lstmisc.sty 2019/09/10 1.8c (Carsten Heinz)
\c@lstnumber=\count325
\lst@skipnumbers=\count326
\lst@framebox=\box59
)
(/usr/share/texlive/texmf-dist/tex/latex/listings/listings.cfg
File: listings.cfg 2019/09/10 1.8c listings configuration
))
Package: listings 2019/09/10 1.8c (Carsten Heinz)
runsystem(which pygmentize && touch main.aex)...executed.

runsystem(rm main.aex)...executed.


(/usr/share/texlive/texmf-dist/tex/latex/l3backend/l3backend-pdfmode.def
File: l3backend-pdfmode.def 2020-02-03 L3 backend support: PDF mode
\l__kernel_color_stack_int=\count327
\l__pdf_internal_box=\box60
)
(./main.aux)
\openout1 = `main.aux'.

LaTeX Font Info:    Checking defaults for OML/cmm/m/it on input line 44.
LaTeX Font Info:    ... okay on input line 44.
LaTeX Font Info:    Checking defaults for OMS/cmsy/m/n on input line 44.
LaTeX Font Info:    ... okay on input line 44.
LaTeX Font Info:    Checking defaults for OT1/cmr/m/n on input line 44.
LaTeX Font Info:    ... okay on input line 44.
LaTeX Font Info:    Checking defaults for T1/cmr/m/n on input line 44.
LaTeX Font Info:    ... okay on input line 44.
LaTeX Font Info:    Checking defaults for TS1/cmr/m/n on input line 44.
LaTeX Font Info:    ... okay on input line 44.
LaTeX Font Info:    Checking defaults for OMX/cmex/m/n on input line 44.
LaTeX Font Info:    ... okay on input line 44.
LaTeX Font Info:    Checking defaults for U/cmr/m/n on input line 44.
LaTeX Font Info:    ... okay on input line 44.
LaTeX Font Info:    Checking defaults for PD1/pdf/m/n on input line 44.
LaTeX Font Info:    ... okay on input line 44.
 (/usr/share/texlive/texmf-dist/tex/context/base/mkii/supp-pdf.mkii
[Loading MPS to PDF converter (version 2006.09.02).]
\scratchcounter=\count328
\scratchdimen=\dimen174
\scratchbox=\box61
\nofMPsegments=\count329
\nofMParguments=\count330
\everyMPshowfont=\toks27
\MPscratchCnt=\count331
\MPscratchDim=\dimen175
\MPnumerator=\count332
\makeMPintoPDFobject=\count333
\everyMPtoPDFconversion=\toks28
) (/usr/share/texlive/texmf-dist/tex/latex/epstopdf-pkg/epstopdf-base.sty
Package: epstopdf-base 2020-01-24 v2.11 Base part for package epstopdf
Package epstopdf-base Info: Redefining graphics rule for `.eps' on input line 4
85.

(/usr/share/texlive/texmf-dist/tex/latex/latexconfig/epstopdf-sys.cfg
File: epstopdf-sys.cfg 2010/07/13 v1.3 Configuration of (r)epstopdf for TeX Liv
e
))
\AtBeginShipoutBox=\box62
Package hyperref Info: Link coloring ON on input line 44.

(/usr/share/texlive/texmf-dist/tex/latex/hyperref/nameref.sty
Package: nameref 2019/09/16 v2.46 Cross-referencing by name of section

(/usr/share/texlive/texmf-dist/tex/latex/refcount/refcount.sty
Package: refcount 2019/12/15 v3.6 Data extraction from label references (HO)
)
(/usr/share/texlive/texmf-dist/tex/generic/gettitlestring/gettitlestring.sty
Package: gettitlestring 2019/12/15 v1.6 Cleanup title references (HO)
)
\c@section@level=\count334
)
LaTeX Info: Redefining \ref on input line 44.
LaTeX Info: Redefining \pageref on input line 44.
LaTeX Info: Redefining \nameref on input line 44.

(./main.out) (./main.out)
\@outlinefile=\write5
\openout5 = `main.out'.


(/usr/share/texlive/texmf-dist/tex/latex/base/textcomp.sty
Package: textcomp 2020/02/02 v2.0n Standard LaTeX package
)
\c@lstlisting=\count335
<images/logo.png, id=281, 3651.14063pt x 1102.87032pt>
File: images/logo.png Graphic file (type png)
<use images/logo.png>
Package pdftex.def Info: images/logo.png  used on input line 60.
(pdftex.def)             Requested size: 182.56772pt x 55.14674pt.


LaTeX Font Warning: Font shape `OT1/cmr/m/scit' undefined
(Font)              using `OT1/cmr/m/it' instead on input line 85.

[1

{/var/lib/texmf/fonts/map/pdftex/updmap/pdftex.map} <./images/logo.png>]pdfTeX 
warning (ext4): destination with the same identifier (name{page.1}) has been al
ready used, duplicate ignored
<to be read again> 
                   \relax 
l.105 
       [1] [2]
Underfull \hbox (badness 10000) in paragraph at lines 111--123

 []

[3] (./main.toc [4] [5])
\tf@toc=\write6
\openout6 = `main.toc'.

 [6] (./main.lof

LaTeX Warning: Citation `Martin' on page 7 undefined on input line 11.


LaTeX Warning: Citation `2017' on page 7 undefined on input line 11.

)
\tf@lof=\write7
\openout7 = `main.lof'.

 [7]

LaTeX Warning: Citation `owen-ray' on page 8 undefined on input line 138.


Underfull \hbox (badness 10000) in paragraph at lines 137--140

 []


LaTeX Warning: Citation `shortcut' on page 8 undefined on input line 141.


LaTeX Warning: Citation `trim-it' on page 8 undefined on input line 141.


LaTeX Warning: Citation `trimcheck' on page 8 undefined on input line 141.


Underfull \hbox (badness 10000) in paragraph at lines 141--143

 []


Underfull \hbox (badness 10000) in paragraph at lines 144--146

 []


Underfull \hbox (badness 10000) in paragraph at lines 147--154

 []


Underfull \hbox (badness 10000) in paragraph at lines 157--159

 []

<images/npd.png, id=508, 1697.34125pt x 1861.95625pt>
File: images/npd.png Graphic file (type png)
<use images/npd.png>
Package pdftex.def Info: images/npd.png  used on input line 162.
(pdftex.def)             Requested size: 254.5902pt x 279.28139pt.

LaTeX Warning: Citation `shopify' on page 8 undefined on input line 164.

[8] [9 <./images/npd.png>]
Underfull \hbox (badness 10000) in paragraph at lines 183--194

 []


LaTeX Warning: Citation `monday.com' on page 10 undefined on input line 195.

<images/monday.png, id=519, 1787.67876pt x 878.28125pt>
File: images/monday.png Graphic file (type png)
<use images/monday.png>
Package pdftex.def Info: images/monday.png  used on input line 199.
(pdftex.def)             Requested size: 446.9186pt x 219.56978pt.

Overfull \hbox (56.9186pt too wide) in paragraph at lines 199--200
 [][] 
 []


LaTeX Warning: Citation `monday.com' on page 10 undefined on input line 202.

[10]
Underfull \hbox (badness 10000) in paragraph at lines 211--213

 []

[11 <./images/monday.png>]

LaTeX Warning: Citation `tech-crunch' on page 12 undefined on input line 221.


Underfull \hbox (badness 10000) in paragraph at lines 220--223

 []

<images/ios-android.png, id=530, 1027.84pt x 578.16pt>
File: images/ios-android.png Graphic file (type png)
<use images/ios-android.png>
Package pdftex.def Info: images/ios-android.png  used on input line 247.
(pdftex.def)             Requested size: 411.12872pt x 231.2599pt.

Overfull \hbox (21.12872pt too wide) in paragraph at lines 247--248
 [][] 
 []


LaTeX Warning: Citation `stat-counter-21' on page 12 undefined on input line 25
0.

[12]

LaTeX Warning: Citation `https://reactnative.dev/' on page 13 undefined on inpu
t line 253.


LaTeX Warning: Citation `flutter.dev' on page 13 undefined on input line 253.


LaTeX Warning: Citation `flutter' on page 13 undefined on input line 257.


LaTeX Warning: Citation `Github' on page 13 undefined on input line 257.


LaTeX Warning: Citation `2018' on page 13 undefined on input line 257.

[13 <./images/ios-android.png>]

LaTeX Warning: Citation `firestore' on page 14 undefined on input line 260.


LaTeX Warning: Citation `Grudin and Pruitt' on page 14 undefined on input line 
275.


LaTeX Warning: Citation `2002' on page 14 undefined on input line 275.


LaTeX Warning: Citation `Long' on page 14 undefined on input line 275.


LaTeX Warning: Citation `2009' on page 14 undefined on input line 275.


LaTeX Warning: Citation `Chapman and Milham' on page 14 undefined on input line
 275.


LaTeX Warning: Citation `2007' on page 14 undefined on input line 275.


LaTeX Warning: Citation `Mcginn and Kotamraju' on page 14 undefined on input li
ne 275.


LaTeX Warning: Citation `2008' on page 14 undefined on input line 275.

<images/persona_1.png, id=543, 2007.5pt x 1405.25pt>
File: images/persona_1.png Graphic file (type png)
<use images/persona_1.png>
Package pdftex.def Info: images/persona_1.png  used on input line 286.
(pdftex.def)             Requested size: 401.49289pt x 281.04501pt.

Overfull \hbox (11.49289pt too wide) in paragraph at lines 286--287
[][] 
 []

[14]
File: images/persona_1.png Graphic file (type png)
<use images/persona_1.png>
Package pdftex.def Info: images/persona_1.png  used on input line 301.
(pdftex.def)             Requested size: 401.49289pt x 281.04501pt.

Overfull \hbox (11.49289pt too wide) in paragraph at lines 301--302
[][] 
 []

[15 <./images/persona_1.png>]
File: images/persona_1.png Graphic file (type png)
<use images/persona_1.png>
Package pdftex.def Info: images/persona_1.png  used on input line 313.
(pdftex.def)             Requested size: 401.49289pt x 281.04501pt.

Overfull \hbox (11.49289pt too wide) in paragraph at lines 313--314
[][] 
 []

[16]
<images/persona_4.png, id=557, 2007.5pt x 1405.25pt>
File: images/persona_4.png Graphic file (type png)
<use images/persona_4.png>
Package pdftex.def Info: images/persona_4.png  used on input line 326.
(pdftex.def)             Requested size: 401.49289pt x 281.04501pt.

Overfull \hbox (11.49289pt too wide) in paragraph at lines 326--327
[][] 
 []

[17]
<images/placeholder.jpg, id=562, 903.375pt x 498.86375pt>
File: images/placeholder.jpg Graphic file (type jpg)
<use images/placeholder.jpg>
Package pdftex.def Info: images/placeholder.jpg  used on input line 339.
(pdftex.def)             Requested size: 180.6718pt x 99.77098pt.
 [18 <./images/persona_4.png> <./images/placeholder.jpg>] [19] [20]
Overfull \hbox (16.54578pt too wide) in paragraph at lines 435--437
\OT1/cmr/m/n/12 https://www.raywenderlich.com/6373413-state-management-with-pro
vider Sys-
 []

<images/system-architecture.png, id=581, 495.8525pt x 515.9275pt>
File: images/system-architecture.png Graphic file (type png)
<use images/system-architecture.png>
Package pdftex.def Info: images/system-architecture.png  used on input line 442
.
(pdftex.def)             Requested size: 347.09438pt x 361.14679pt.
[21]

LaTeX Warning: Citation `Martin' on page 22 undefined on input line 447.


LaTeX Warning: Citation `2017' on page 22 undefined on input line 447.

[22 <./images/system-architecture.png>]

LaTeX Warning: Citation `Martin' on page 23 undefined on input line 472.


LaTeX Warning: Citation `2017' on page 23 undefined on input line 472.

<images/clean-architecture.png, id=592, 614.295pt x 344.28625pt>
File: images/clean-architecture.png Graphic file (type png)
<use images/clean-architecture.png>
Package pdftex.def Info: images/clean-architecture.png  used on input line 476.

(pdftex.def)             Requested size: 430.00356pt x 240.99872pt.

Overfull \hbox (40.00356pt too wide) in paragraph at lines 476--477
 [][] 
 []


LaTeX Warning: Citation `Martin' on page 23 undefined on input line 477.


LaTeX Warning: Citation `2017' on page 23 undefined on input line 477.

<images/model-class-diagrams.png, id=593, 585.18625pt x 407.5225pt>
File: images/model-class-diagrams.png Graphic file (type png)
<use images/model-class-diagrams.png>
Package pdftex.def Info: images/model-class-diagrams.png  used on input line 49
1.
(pdftex.def)             Requested size: 409.62758pt x 285.2638pt.

Overfull \hbox (19.62758pt too wide) in paragraph at lines 491--492
 [][] 
 []

[23 <./images/clean-architecture.png>]
Overfull \hbox (116.84659pt too wide) in paragraph at lines 499--501
[]\OT1/cmr/m/n/12 (INSERT SYS-TEM AR-CHI-TEC-TURE DI-A-GRAM) https://www.resear
chgate.net/profile/Wei-
 []


Overfull \hbox (126.16826pt too wide) in paragraph at lines 499--501
\OT1/cmr/m/n/12 Jung-Shiang/publication/267418345/figure/fig1/AS:29565695982387
2@1447501520198/Architecture-
 []


Overfull \hbox (113.26031pt too wide) in paragraph at lines 502--504
[]\OT1/cmr/m/n/12 https://www.researchgate.net/figure/Overview-of-the-schema-ma
tching-system[]fig2[]267418345
 []


Overfull \hbox (62.46614pt too wide) in paragraph at lines 506--509
\OT1/cmr/m/n/12 Provider.of https://flutter.dev/docs/development/data-and-backe
nd/state-mgmt/simple 
 []

[24 <./images/model-class-diagrams.png>]

LaTeX Warning: Citation `Arnowitz Arent Berger' on page 25 undefined on input l
ine 525.

<images/prototyping-components.png, id=606, 623.32875pt x 670.75594pt>
File: images/prototyping-components.png Graphic file (type png)
<use images/prototyping-components.png>
Package pdftex.def Info: images/prototyping-components.png  used on input line 
528.
(pdftex.def)             Requested size: 311.6636pt x 335.37714pt.
[25]

LaTeX Warning: Citation `smashing-magazine' on page 26 undefined on input line 
534.


LaTeX Warning: Citation `nielson-normal-group-2020' on page 26 undefined on inp
ut line 536.

[26 <./images/prototyping-components.png>]
<images/sign-in.png, id=617, 218.31563pt x 438.8897pt>
File: images/sign-in.png Graphic file (type png)
<use images/sign-in.png>
Package pdftex.def Info: images/sign-in.png  used on input line 540.
(pdftex.def)             Requested size: 185.56914pt x 373.058pt.
 [27 <./images/sign-in.png>] [28]
LaTeX Font Info:    Trying to load font information for TS1+cmtt on input line 
574.

(/usr/share/texlive/texmf-dist/tex/latex/base/ts1cmtt.fd
File: ts1cmtt.fd 2019/12/16 v2.5j Standard LaTeX font definitions
)
<images/database-schema.png, id=628, 508.90125pt x 464.73625pt>
File: images/database-schema.png Graphic file (type png)
<use images/database-schema.png>
Package pdftex.def Info: images/database-schema.png  used on input line 593.
(pdftex.def)             Requested size: 356.22844pt x 325.31316pt.
 [29] [30 <./images/database-schema.png>]
Overfull \hbox (2.11537pt too wide) in paragraph at lines 611--620
\OT1/cmr/m/n/12 When load-ing the bar-bers ei-ther they were load-ing through m
ak-ing a database
 []


Overfull \hbox (6.42783pt too wide) in paragraph at lines 628--630
\OT1/cmr/m/n/12 https://firebase.google.com/docs/firestore/solutions/geoqueries
 Once the user
 []

[31]

LaTeX Warning: Citation `medium-comerge' on page 32 undefined on input line 635
.

\openout3 = `main.pyg'.

(./_minted-main/default-pyg-prefix.pygstyle) (./_minted-main/default.pygstyle)
(./_minted-main/56D20CA4C499C9A531EADA396025F0CA841CDBE00FC6D64409DC9CAE2DBD3FA
0.pygtex
LaTeX Font Info:    Font shape `OT1/cmtt/bx/n' in size <12> not available
(Font)              Font shape `OT1/cmtt/m/n' tried instead on input line 2.
)

LaTeX Warning: Citation `requests' on page 32 undefined on input line 666.

[32]
Overfull \hbox (2.56433pt too wide) in paragraph at lines 681--682
\OT1/cmr/m/n/12 lat-i-tude co-ordinates, along with a geo-hash (EX-PLAIN HOW PL
U-GIN USED
 []

[33]

LaTeX Warning: Citation `Humble and Farley' on page 34 undefined on input line 
704.


LaTeX Warning: Citation `2010' on page 34 undefined on input line 704.


LaTeX Warning: Citation `chapter 8' on page 34 undefined on input line 704.

(./main.bbl)

Package hyperref Warning: Difference (2) between bookmark levels is greater 
(hyperref)                than one, level fixed on input line 717.


Overfull \hbox (77.50793pt too wide) in paragraph at lines 720--739
[][] 
 []

[34]
Overfull \hbox (77.50793pt too wide) in paragraph at lines 744--763
[][] 
 []


Overfull \hbox (77.50793pt too wide) in paragraph at lines 768--787
[][] 
 []

[35]
Overfull \hbox (77.50793pt too wide) in paragraph at lines 792--811
[][] 
 []


Overfull \hbox (77.50793pt too wide) in paragraph at lines 816--835
[][] 
 []

[36]
Package atveryend Info: Empty hook `BeforeClearDocument' on input line 843.
 [37]
Package atveryend Info: Empty hook `AfterLastShipout' on input line 843.
 (./main.aux)
Package atveryend Info: Executing hook `AtVeryEndDocument' on input line 843.
Package atveryend Info: Executing hook `AtEndAfterFileList' on input line 843.
Package rerunfilecheck Info: File `main.out' has not changed.
(rerunfilecheck)             Checksum: AB93899B4838472EC14294747A994E9E;4974.


LaTeX Warning: There were undefined references.

runsystem(rm main.pyg)...executed.

 ) 
Here is how much of TeX's memory you used:
 12286 strings out of 483183
 196569 string characters out of 5966292
 531192 words of memory out of 5000000
 26923 multiletter control sequences out of 15000+600000
 539925 words of font info for 50 fonts, out of 8000000 for 9000
 14 hyphenation exceptions out of 8191
 41i,9n,37p,968b,1261s stack positions out of 5000i,500n,10000p,200000b,80000s
 </home/josh/.texlive2019/texmf-var/fonts/pk/ljfour/jknappen/ec/tctt1200.600p
k> </home/josh/.texlive2019/texmf-var/fonts/pk/ljfour/jknappen/ec/tcrm1200.600p
k></usr/share/texlive/texmf-dist/fonts/type1/public/amsfonts/cm/cmbx12.pfb></us
r/share/texlive/texmf-dist/fonts/type1/public/amsfonts/cm/cmcsc10.pfb></usr/sha
re/texlive/texmf-dist/fonts/type1/public/amsfonts/cm/cmr12.pfb></usr/share/texl
ive/texmf-dist/fonts/type1/public/amsfonts/cm/cmr6.pfb></usr/share/texlive/texm
f-dist/fonts/type1/public/amsfonts/cm/cmsy10.pfb></usr/share/texlive/texmf-dist
/fonts/type1/public/amsfonts/cm/cmti12.pfb></usr/share/texlive/texmf-dist/fonts
/type1/public/amsfonts/cm/cmtt12.pfb>
Output written on main.pdf (38 pages, 2164791 bytes).
PDF statistics:
 750 PDF objects out of 1000 (max. 8388607)
 667 compressed objects within 7 object streams
 134 named destinations out of 1000 (max. 500000)
 618 words of extra memory for PDF output out of 10000 (max. 10000000)

